<?xml version="1.0" encoding="UTF-8"?>
<testsuite xmlns:xsi="http://www.w3.org/2001/XMLSchema-instance" xsi:noNamespaceSchemaLocation="https://maven.apache.org/surefire/maven-surefire-plugin/xsd/surefire-test-report-3.0.xsd" version="3.0" name="com.demo.example.learning.LearningApplicationTests" time="4.19" tests="1" errors="0" skipped="0" failures="0">
  <properties>
[...]
</properties>
  <testcase name="contextLoads" classname="com.demo.example.learning.LearningApplicationTests" time="0.96">
    <system-out><![CDATA[02:31:52.589 [main] INFO org.springframework.test.context.support.AnnotationConfigContextLoaderUtils -- Could not detect default configuration classes for test class [com.demo.example.learning.LearningApplicationTests]: LearningApplicationTests does not declare any static, non-private, non-final, nested classes annotated with @Configuration.
02:31:52.709 [main] INFO org.springframework.boot.test.context.SpringBootTestContextBootstrapper -- Found @SpringBootConfiguration com.demo.example.learning.LearningApplication for test class com.demo.example.learning.LearningApplicationTests

  .   ____          _            __ _ _
 /\\ / ___'_ __ _ _(_)_ __  __ _ \ \ \ \
( ( )\___ | '_ | '_| | '_ \/ _` | \ \ \ \
 \\/  ___)| |_)| | | | | || (_| |  ) ) ) )
  '  |____| .__|_| |_|_| |_\__, | / / / /
 =========|_|==============|___/=/_/_/_/
 :: Spring Boot ::                (v3.1.4)

2023-10-21T02:31:53.223+05:30  INFO 62992 --- [           main] c.d.e.learning.LearningApplicationTests  : Starting LearningApplicationTests using Java 18.0.1 with PID 62992 (started by YKuma5 in /Users/YKuma5/Desktop/Personal/learning-spring-boot)
2023-10-21T02:31:53.225+05:30  INFO 62992 --- [           main] c.d.e.learning.LearningApplicationTests  : No active profile set, falling back to 1 default profile: "default"
2023-10-21T02:31:55.227+05:30  WARN 62992 --- [           main] .s.s.UserDetailsServiceAutoConfiguration : 

Using generated security password: 7bed3dfe-5ca2-4c7e-9197-7ff58006d02c

This generated password is for development use only. Your security configuration must be updated before running your application in production.

2023-10-21T02:31:55.389+05:30  INFO 62992 --- [           main] o.s.b.a.e.web.EndpointLinksResolver      : Exposing 13 endpoint(s) beneath base path '/actuator'
2023-10-21T02:31:55.404+05:30  INFO 62992 --- [           main] o.s.s.web.DefaultSecurityFilterChain     : Will secure any request with [org.springframework.security.web.session.DisableEncodeUrlFilter@3fde2209, org.springframework.security.web.context.request.async.WebAsyncManagerIntegrationFilter@1f916219, org.springframework.security.web.context.SecurityContextHolderFilter@a2b54e3, org.springframework.security.web.header.HeaderWriterFilter@6b27b2d0, org.springframework.web.filter.CorsFilter@67acfde9, org.springframework.security.web.csrf.CsrfFilter@7971c2a9, org.springframework.security.web.authentication.logout.LogoutFilter@3e856100, org.springframework.security.web.authentication.UsernamePasswordAuthenticationFilter@76216830, org.springframework.security.web.authentication.ui.DefaultLoginPageGeneratingFilter@370c9018, org.springframework.security.web.authentication.ui.DefaultLogoutPageGeneratingFilter@3b088163, org.springframework.security.web.authentication.www.BasicAuthenticationFilter@6d69a0d3, org.springframework.security.web.savedrequest.RequestCacheAwareFilter@21f7e537, org.springframework.security.web.servletapi.SecurityContextHolderAwareRequestFilter@46b2dcc5, org.springframework.security.web.authentication.AnonymousAuthenticationFilter@75882261, org.springframework.security.web.access.ExceptionTranslationFilter@b5aa65b, org.springframework.security.web.access.intercept.AuthorizationFilter@6897a4a]
2023-10-21T02:31:55.496+05:30  INFO 62992 --- [           main] c.d.e.learning.LearningApplicationTests  : Started LearningApplicationTests in 2.599 seconds (process running for 3.731)
]]></system-out>
  </testcase>
</testsuite>